<?xml version="1.0" encoding="UTF-8"?>
<testng-results skipped="0" failed="0" ignored="0" total="1" passed="1">
  <reporter-output>
    <line>
      <![CDATA[STEP1]]>
    </line>
  </reporter-output>
  <suite name="Default suite" duration-ms="10498" started-at="2018-08-30T03:29:28Z" finished-at="2018-08-30T03:29:39Z">
    <groups>
    </groups>
    <test name="Default test" duration-ms="10498" started-at="2018-08-30T03:29:28Z" finished-at="2018-08-30T03:29:39Z">
      <class name="com.cname.projectname.testscenarios.appname.ATUReportDemo">
        <test-method status="PASS" signature="init()[pri:0, instance:com.cname.projectname.testscenarios.appname.ATUReportDemo@4b553d26]" name="init" is-config="true" duration-ms="3812" started-at="2018-08-30T03:29:28Z" finished-at="2018-08-30T03:29:32Z">
          <reporter-output>
          </reporter-output>
        </test-method> <!-- init -->
        <test-method status="PASS" signature="createFolder()[pri:0, instance:com.cname.projectname.testscenarios.appname.ATUReportDemo@4b553d26]" name="createFolder" duration-ms="6658" started-at="2018-08-30T03:29:32Z" finished-at="2018-08-30T03:29:39Z">
          <reporter-output>
            <line>
              <![CDATA[STEP1]]>
            </line>
          </reporter-output>
        </test-method> <!-- createFolder -->
      </class> <!-- com.cname.projectname.testscenarios.appname.ATUReportDemo -->
    </test> <!-- Default test -->
  </suite> <!-- Default suite -->
</testng-results>
