<?xml version="1.0" encoding="UTF-8"?>
<testng-results skipped="0" failed="0" ignored="0" total="1" passed="1">
  <reporter-output>
  </reporter-output>
  <suite name="Default suite" duration-ms="13478" started-at="2018-08-30T03:15:34Z" finished-at="2018-08-30T03:15:47Z">
    <groups>
    </groups>
    <test name="Default test" duration-ms="13478" started-at="2018-08-30T03:15:34Z" finished-at="2018-08-30T03:15:47Z">
      <class name="com.cname.projectname.testscenarios.appname.Test1">
        <test-method status="PASS" signature="init()[pri:0, instance:com.cname.projectname.testscenarios.appname.Test1@4b553d26]" name="init" is-config="true" duration-ms="3493" started-at="2018-08-30T03:15:34Z" finished-at="2018-08-30T03:15:37Z">
          <reporter-output>
          </reporter-output>
        </test-method> <!-- init -->
        <test-method status="PASS" signature="test1()[pri:0, instance:com.cname.projectname.testscenarios.appname.Test1@4b553d26]" name="test1" duration-ms="9963" started-at="2018-08-30T03:15:37Z" finished-at="2018-08-30T03:15:47Z">
          <reporter-output>
          </reporter-output>
        </test-method> <!-- test1 -->
      </class> <!-- com.cname.projectname.testscenarios.appname.Test1 -->
    </test> <!-- Default test -->
  </suite> <!-- Default suite -->
</testng-results>
